[debug] [2023-08-12T18:13:14.762Z] ----------------------------------------------------------------------
[debug] [2023-08-12T18:13:14.763Z] Command:       /usr/local/bin/firebase /Users/Louis/.cache/firebase/tools/lib/node_modules/firebase-tools/lib/bin/firebase init
[debug] [2023-08-12T18:13:14.764Z] CLI Version:   12.4.7
[debug] [2023-08-12T18:13:14.764Z] Platform:      darwin
[debug] [2023-08-12T18:13:14.764Z] Node Version:  v16.16.0
[debug] [2023-08-12T18:13:14.766Z] Time:          Sat Aug 12 2023 11:13:14 GMT-0700 (Pacific Daylight Time)
[debug] [2023-08-12T18:13:14.766Z] ----------------------------------------------------------------------
[debug] 
[debug] [2023-08-12T18:13:14.776Z] > command requires scopes: ["email","openid","https://www.googleapis.com/auth/cloudplatformprojects.readonly","https://www.googleapis.com/auth/firebase","https://www.googleapis.com/auth/cloud-platform"]
[debug] [2023-08-12T18:13:14.778Z] > authorizing via signed-in user (louisbrighton99@gmail.com)
[info] 
     ######## #### ########  ######## ########     ###     ######  ########
     ##        ##  ##     ## ##       ##     ##  ##   ##  ##       ##
     ######    ##  ########  ######   ########  #########  ######  ######
     ##        ##  ##    ##  ##       ##     ## ##     ##       ## ##
     ##       #### ##     ## ######## ########  ##     ##  ######  ########

You're about to initialize a Firebase project in this directory:

  /Users/Louis/Documents/learn_react/socialmedia_project

[info] 
=== Project Setup
[info] 
[info] First, let's associate this project directory with a Firebase project.
[info] You can create multiple project aliases by running firebase use --add, 
[info] but for now we'll just set up a default project.
[info] 
[debug] [2023-08-12T18:14:22.520Z] > refreshing access token with scopes: []
[debug] [2023-08-12T18:14:22.526Z] >>> [apiv2][query] POST https://www.googleapis.com/oauth2/v3/token [none]
[debug] [2023-08-12T18:14:22.526Z] >>> [apiv2][body] POST https://www.googleapis.com/oauth2/v3/token [omitted]
[debug] [2023-08-12T18:14:22.707Z] <<< [apiv2][status] POST https://www.googleapis.com/oauth2/v3/token 200
[debug] [2023-08-12T18:14:22.707Z] <<< [apiv2][body] POST https://www.googleapis.com/oauth2/v3/token [omitted]
[debug] [2023-08-12T18:14:22.725Z] >>> [apiv2][query] GET https://firebase.googleapis.com/v1beta1/projects pageSize=100
[debug] [2023-08-12T18:14:23.352Z] <<< [apiv2][status] GET https://firebase.googleapis.com/v1beta1/projects 200
[debug] [2023-08-12T18:14:23.353Z] <<< [apiv2][body] GET https://firebase.googleapis.com/v1beta1/projects [omitted]
[info] i  Using project react-social-media-proje-f19ae (React Social Media Project) 
[info] 
=== Database Setup
[info] i  database: ensuring required API firebasedatabase.googleapis.com is enabled... 
[debug] [2023-08-12T18:14:29.154Z] >>> [apiv2][query] GET https://serviceusage.googleapis.com/v1/projects/react-social-media-proje-f19ae/services/firebasedatabase.googleapis.com [none]
[debug] [2023-08-12T18:14:29.155Z] >>> [apiv2][(partial)header] GET https://serviceusage.googleapis.com/v1/projects/react-social-media-proje-f19ae/services/firebasedatabase.googleapis.com x-goog-quota-user=projects/react-social-media-proje-f19ae
[debug] [2023-08-12T18:14:29.697Z] <<< [apiv2][status] GET https://serviceusage.googleapis.com/v1/projects/react-social-media-proje-f19ae/services/firebasedatabase.googleapis.com 200
[debug] [2023-08-12T18:14:29.697Z] <<< [apiv2][body] GET https://serviceusage.googleapis.com/v1/projects/react-social-media-proje-f19ae/services/firebasedatabase.googleapis.com [omitted]
[warn] ⚠  database: missing required API firebasedatabase.googleapis.com. Enabling now... 
[debug] [2023-08-12T18:14:29.700Z] >>> [apiv2][query] POST https://serviceusage.googleapis.com/v1/projects/react-social-media-proje-f19ae/services/firebasedatabase.googleapis.com:enable [none]
[debug] [2023-08-12T18:14:29.700Z] >>> [apiv2][(partial)header] POST https://serviceusage.googleapis.com/v1/projects/react-social-media-proje-f19ae/services/firebasedatabase.googleapis.com:enable x-goog-quota-user=projects/react-social-media-proje-f19ae
[debug] [2023-08-12T18:14:30.308Z] <<< [apiv2][status] POST https://serviceusage.googleapis.com/v1/projects/react-social-media-proje-f19ae/services/firebasedatabase.googleapis.com:enable 200
[debug] [2023-08-12T18:14:30.308Z] <<< [apiv2][body] POST https://serviceusage.googleapis.com/v1/projects/react-social-media-proje-f19ae/services/firebasedatabase.googleapis.com:enable [omitted]
[debug] [2023-08-12T18:14:40.313Z] >>> [apiv2][query] GET https://serviceusage.googleapis.com/v1/projects/react-social-media-proje-f19ae/services/firebasedatabase.googleapis.com [none]
[debug] [2023-08-12T18:14:40.314Z] >>> [apiv2][(partial)header] GET https://serviceusage.googleapis.com/v1/projects/react-social-media-proje-f19ae/services/firebasedatabase.googleapis.com x-goog-quota-user=projects/react-social-media-proje-f19ae
[debug] [2023-08-12T18:14:40.859Z] <<< [apiv2][status] GET https://serviceusage.googleapis.com/v1/projects/react-social-media-proje-f19ae/services/firebasedatabase.googleapis.com 200
[debug] [2023-08-12T18:14:40.860Z] <<< [apiv2][body] GET https://serviceusage.googleapis.com/v1/projects/react-social-media-proje-f19ae/services/firebasedatabase.googleapis.com [omitted]
[info] ✔  database: required API firebasedatabase.googleapis.com is enabled 
[info] 
[debug] [2023-08-12T18:14:40.880Z] >>> [apiv2][query] GET https://firebase.googleapis.com/v1beta1/projects/react-social-media-proje-f19ae [none]
[debug] [2023-08-12T18:14:41.257Z] <<< [apiv2][status] GET https://firebase.googleapis.com/v1beta1/projects/react-social-media-proje-f19ae 200
[debug] [2023-08-12T18:14:41.257Z] <<< [apiv2][body] GET https://firebase.googleapis.com/v1beta1/projects/react-social-media-proje-f19ae {"projectId":"react-social-media-proje-f19ae","projectNumber":"854997310338","displayName":"React Social Media Project","name":"projects/react-social-media-proje-f19ae","resources":{"hostingSite":"react-social-media-proje-f19ae"},"state":"ACTIVE","etag":"1_cb338986-17f8-4d51-b68f-21ee582907a6"}
[debug] [2023-08-12T18:15:06.045Z] >>> [apiv2][query] POST https://firebasedatabase.googleapis.com/v1beta/projects/react-social-media-proje-f19ae/locations/us-central1/instances databaseId=react-social-media-proje-f19ae-default-rtdb&validateOnly=true
[debug] [2023-08-12T18:15:06.046Z] >>> [apiv2][body] POST https://firebasedatabase.googleapis.com/v1beta/projects/react-social-media-proje-f19ae/locations/us-central1/instances {"type":"default_database"}
[debug] [2023-08-12T18:15:06.661Z] <<< [apiv2][status] POST https://firebasedatabase.googleapis.com/v1beta/projects/react-social-media-proje-f19ae/locations/us-central1/instances 200
[debug] [2023-08-12T18:15:06.662Z] <<< [apiv2][body] POST https://firebasedatabase.googleapis.com/v1beta/projects/react-social-media-proje-f19ae/locations/us-central1/instances {"name":"projects/854997310338/locations/us-central1/instances/react-social-media-proje-f19ae-default-rtdb","project":"projects/854997310338","databaseUrl":"https://react-social-media-proje-f19ae-default-rtdb.firebaseio.com","type":"DEFAULT_DATABASE","state":"ACTIVE"}
[debug] [2023-08-12T18:15:06.665Z] >>> [apiv2][query] POST https://firebasedatabase.googleapis.com/v1beta/projects/react-social-media-proje-f19ae/locations/us-central1/instances databaseId=react-social-media-proje-f19ae-default-rtdb
[debug] [2023-08-12T18:15:06.665Z] >>> [apiv2][body] POST https://firebasedatabase.googleapis.com/v1beta/projects/react-social-media-proje-f19ae/locations/us-central1/instances {"type":"default_database"}
[debug] [2023-08-12T18:15:07.315Z] <<< [apiv2][status] POST https://firebasedatabase.googleapis.com/v1beta/projects/react-social-media-proje-f19ae/locations/us-central1/instances 200
[debug] [2023-08-12T18:15:07.315Z] <<< [apiv2][body] POST https://firebasedatabase.googleapis.com/v1beta/projects/react-social-media-proje-f19ae/locations/us-central1/instances {"name":"projects/854997310338/locations/us-central1/instances/react-social-media-proje-f19ae-default-rtdb","project":"projects/854997310338","databaseUrl":"https://react-social-media-proje-f19ae-default-rtdb.firebaseio.com","type":"DEFAULT_DATABASE","state":"ACTIVE"}
[info] 
[info] Firebase Realtime Database Security Rules allow you to define how your data should be
[info] structured and when your data can be read from and written to.
[info] 
[debug] [2023-08-12T18:17:00.407Z] >>> [apiv2][query] GET https://react-social-media-proje-f19ae-default-rtdb.firebaseio.com/.settings/rules.json [none]
[debug] [2023-08-12T18:17:01.040Z] <<< [apiv2][status] GET https://react-social-media-proje-f19ae-default-rtdb.firebaseio.com/.settings/rules.json 200
[debug] [2023-08-12T18:17:01.041Z] <<< [apiv2][body] GET https://react-social-media-proje-f19ae-default-rtdb.firebaseio.com/.settings/rules.json [stream]
[info] ✔  Database Rules for react-social-media-proje-f19ae-default-rtdb have been written to database.rules.json. 
[info] Future modifications to database.rules.json will update Realtime Database Security Rules when you run
[info] firebase deploy.
[info] 
=== Hosting Setup
[info] 
[info] Your public directory is the folder (relative to your project directory) that
[info] will contain Hosting assets to be uploaded with firebase deploy. If you
[info] have a build process for your assets, use your build's output directory.
[info] 
[info] ✔  Wrote public/404.html 
[debug] [2023-08-12T18:17:59.110Z] >>> [apiv2][query] GET https://www.gstatic.com/firebasejs/releases.json [none]
[debug] [2023-08-12T18:17:59.429Z] <<< [apiv2][status] GET https://www.gstatic.com/firebasejs/releases.json 200
[debug] [2023-08-12T18:17:59.429Z] <<< [apiv2][body] GET https://www.gstatic.com/firebasejs/releases.json {"current":{"version":"10.1.0","browserURL":"https://www.gstatic.com/firebasejs/10.1.0/firebase.js","packageURL":"https://www.gstatic.com/firebasejs/10.1.0/firebase.tgz"},"live":{"version":"10.1","browserURL":"https://www.gstatic.com/firebasejs/live/10.1/firebase.js","packageURL":"https://www.gstatic.com/firebasejs/live/10.1/firebase.tgz"},"components":{"analytics":"https://www.gstatic.com/firebasejs/10.1.0/firebase-analytics.js","app":"https://www.gstatic.com/firebasejs/10.1.0/firebase-app.js","app-check":"https://www.gstatic.com/firebasejs/10.1.0/firebase-app-check.js","auth":"https://www.gstatic.com/firebasejs/10.1.0/firebase-auth.js","auth/cordova":"https://www.gstatic.com/firebasejs/10.1.0/firebase-auth/cordova.js","functions":"https://www.gstatic.com/firebasejs/10.1.0/firebase-functions.js","firestore":"https://www.gstatic.com/firebasejs/10.1.0/firebase-firestore.js","firestore/lite":"https://www.gstatic.com/firebasejs/10.1.0/firebase-firestore/lite.js","installations":"https://www.gstatic.com/firebasejs/10.1.0/firebase-installations.js","storage":"https://www.gstatic.com/firebasejs/10.1.0/firebase-storage.js","performance":"https://www.gstatic.com/firebasejs/10.1.0/firebase-performance.js","remote-config":"https://www.gstatic.com/firebasejs/10.1.0/firebase-remote-config.js","messaging":"https://www.gstatic.com/firebasejs/10.1.0/firebase-messaging.js","messaging/sw":"https://www.gstatic.com/firebasejs/10.1.0/firebase-messaging/sw.js","database":"https://www.gstatic.com/firebasejs/10.1.0/firebase-database.js","firestore.memory":"https://www.gstatic.com/firebasejs/10.1.0/firebase-firestore.memory.js"}}
[info] i  Skipping write of public/index.html 
[info] 
[info] i  Detected a .git folder at /Users/Louis/Documents/learn_react 
[info] i  Authorizing with GitHub to upload your service account to a GitHub repository's secrets store. 
[info] 
[info] Visit this URL on this device to log in:
[info] https://github.com/login/oauth/authorize?client_id=89cf50f02ac6aaed3484&state=639689912&redirect_uri=http%3A%2F%2Flocalhost%3A9005&scope=read%3Auser%20repo%20public_repo
[info] 
[info] Waiting for authentication...
[debug] [2023-08-12T18:18:29.697Z] >>> [apiv2][query] POST https://github.com/login/oauth/access_token [none]
[debug] [2023-08-12T18:18:29.699Z] >>> [apiv2][body] POST https://github.com/login/oauth/access_token [stream]
[debug] [2023-08-12T18:18:30.013Z] <<< [apiv2][status] POST https://github.com/login/oauth/access_token 200
[debug] [2023-08-12T18:18:30.014Z] <<< [apiv2][body] POST https://github.com/login/oauth/access_token {"access_token":"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","token_type":"bearer","scope":"read:user,repo"}
[debug] [2023-08-12T18:18:30.033Z] >>> [apiv2][query] GET https://api.github.com/user [none]
[debug] [2023-08-12T18:18:30.344Z] <<< [apiv2][status] GET https://api.github.com/user 200
[debug] [2023-08-12T18:18:30.345Z] <<< [apiv2][body] GET https://api.github.com/user {"login":"louiswenz","id":54404929,"node_id":"MDQ6VXNlcjU0NDA0OTI5","avatar_url":"https://avatars.githubusercontent.com/u/54404929?v=4","gravatar_id":"","url":"https://api.github.com/users/louiswenz","html_url":"https://github.com/louiswenz","followers_url":"https://api.github.com/users/louiswenz/followers","following_url":"https://api.github.com/users/louiswenz/following{/other_user}","gists_url":"https://api.github.com/users/louiswenz/gists{/gist_id}","starred_url":"https://api.github.com/users/louiswenz/starred{/owner}{/repo}","subscriptions_url":"https://api.github.com/users/louiswenz/subscriptions","organizations_url":"https://api.github.com/users/louiswenz/orgs","repos_url":"https://api.github.com/users/louiswenz/repos","events_url":"https://api.github.com/users/louiswenz/events{/privacy}","received_events_url":"https://api.github.com/users/louiswenz/received_events","type":"User","site_admin":false,"name":"Zongdao Wen","company":null,"blog":"","location":null,"email":null,"hireable":null,"bio":null,"twitter_username":null,"public_repos":6,"public_gists":0,"followers":0,"following":0,"created_at":"2019-08-22T13:14:53Z","updated_at":"2023-08-12T18:18:18Z","private_gists":0,"total_private_repos":2,"owned_private_repos":2,"disk_usage":6219,"collaborators":3,"two_factor_authentication":false,"plan":{"name":"free","space":976562499,"collaborators":0,"private_repos":10000}}
[info] 
[info] ✔  Success! Logged into GitHub as louiswenz 
[info] 
